# JRE version: 7.0_17-b02
# Java VM: Java HotSpot(TM) 64-Bit Server VM (23.7-b01 mixed mode bsd-amd64 compressed oops)
Heap
 PSYoungGen      total 271040K, used 224K [0x00000007eaab0000, 0x0000000800000000, 0x0000000800000000)
  eden space 270784K, 0% used [0x00000007eaab0000,0x00000007eaab0000,0x00000007fb320000)
  from space 256K, 87% used [0x00000007fb320000,0x00000007fb358000,0x00000007fb360000)
  to   space 40640K, 0% used [0x00000007fd850000,0x00000007fd850000,0x0000000800000000)
 ParOldGen       total 349568K, used 134261K [0x00000007c0000000, 0x00000007d5560000, 0x00000007eaab0000)
  object space 349568K, 38% used [0x00000007c0000000,0x00000007c831d570,0x00000007d5560000)
 PSPermGen       total 27200K, used 27183K [0x00000007bae00000, 0x00000007bc890000, 0x00000007c0000000)
  object space 27200K, 99% used [0x00000007bae00000,0x00000007bc88bc88,0x00000007bc890000)
GC Heap History (10 events):
Event: 71,649 GC heap after
Heap after GC invocations=11 (full 0):
 PSYoungGen      total 308736K, used 23047K [0x00000007eaab0000, 0x00000007fffb0000, 0x0000000800000000)
  eden space 267968K, 0% used [0x00000007eaab0000,0x00000007eaab0000,0x00000007fb060000)
  from space 40768K, 56% used [0x00000007fb060000,0x00000007fc6e1df0,0x00000007fd830000)
  to   space 39360K, 0% used [0x00000007fd940000,0x00000007fd940000,0x00000007fffb0000)
 ParOldGen       total 349568K, used 82124K [0x00000007c0000000, 0x00000007d5560000, 0x00000007eaab0000)
  object space 349568K, 23% used [0x00000007c0000000,0x00000007c5033160,0x00000007d5560000)
 PSPermGen       total 21248K, used 19907K [0x00000007bae00000, 0x00000007bc2c0000, 0x00000007c0000000)
  object space 21248K, 93% used [0x00000007bae00000,0x00000007bc170d48,0x00000007bc2c0000)
}
Event: 91,700 GC heap before
{Heap before GC invocations=12 (full 0):
 PSYoungGen      total 308736K, used 291015K [0x00000007eaab0000, 0x00000007fffb0000, 0x0000000800000000)
  eden space 267968K, 100% used [0x00000007eaab0000,0x00000007fb060000,0x00000007fb060000)
  from space 40768K, 56% used [0x00000007fb060000,0x00000007fc6e1df0,0x00000007fd830000)
  to   space 39360K, 0% used [0x00000007fd940000,0x00000007fd940000,0x00000007fffb0000)
 ParOldGen       total 349568K, used 82124K [0x00000007c0000000, 0x00000007d5560000, 0x00000007eaab0000)
  object space 349568K, 23% used [0x00000007c0000000,0x00000007c5033160,0x00000007d5560000)
 PSPermGen       total 23552K, used 23482K [0x00000007bae00000, 0x00000007bc500000, 0x00000007c0000000)
  object space 23552K, 99% used [0x00000007bae00000,0x00000007bc4eeab8,0x00000007bc500000)
Event: 91,739 GC heap after
Heap after GC invocations=12 (full 0):
 PSYoungGen      total 307648K, used 15351K [0x00000007eaab0000, 0x00000007ffea0000, 0x0000000800000000)
  eden space 269376K, 0% used [0x00000007eaab0000,0x00000007eaab0000,0x00000007fb1c0000)
  from space 38272K, 40% used [0x00000007fd940000,0x00000007fe83dde0,0x00000007ffea0000)
  to   space 39360K, 0% used [0x00000007fb1c0000,0x00000007fb1c0000,0x00000007fd830000)
 ParOldGen       total 349568K, used 101186K [0x00000007c0000000, 0x00000007d5560000, 0x00000007eaab0000)
  object space 349568K, 28% used [0x00000007c0000000,0x00000007c62d0a78,0x00000007d5560000)
 PSPermGen       total 23552K, used 23482K [0x00000007bae00000, 0x00000007bc500000, 0x00000007c0000000)
  object space 23552K, 99% used [0x00000007bae00000,0x00000007bc4eeab8,0x00000007bc500000)
}
Event: 100,582 GC heap before
{Heap before GC invocations=13 (full 0):
 PSYoungGen      total 307648K, used 284727K [0x00000007eaab0000, 0x00000007ffea0000, 0x0000000800000000)
  eden space 269376K, 100% used [0x00000007eaab0000,0x00000007fb1c0000,0x00000007fb1c0000)
  from space 38272K, 40% used [0x00000007fd940000,0x00000007fe83dde0,0x00000007ffea0000)
  to   space 39360K, 0% used [0x00000007fb1c0000,0x00000007fb1c0000,0x00000007fd830000)
 ParOldGen       total 349568K, used 101186K [0x00000007c0000000, 0x00000007d5560000, 0x00000007eaab0000)
  object space 349568K, 28% used [0x00000007c0000000,0x00000007c62d0a78,0x00000007d5560000)
 PSPermGen       total 23552K, used 23530K [0x00000007bae00000, 0x00000007bc500000, 0x00000007c0000000)
  object space 23552K, 99% used [0x00000007bae00000,0x00000007bc4fab70,0x00000007bc500000)
Event: 100,626 GC heap after
Heap after GC invocations=13 (full 0):
 PSYoungGen      total 308736K, used 13856K [0x00000007eaab0000, 0x0000000800000000, 0x0000000800000000)
  eden space 269376K, 0% used [0x00000007eaab0000,0x00000007eaab0000,0x00000007fb1c0000)
  from space 39360K, 35% used [0x00000007fb1c0000,0x00000007fbf48020,0x00000007fd830000)
  to   space 39360K, 0% used [0x00000007fd990000,0x00000007fd990000,0x0000000800000000)
 ParOldGen       total 349568K, used 111407K [0x00000007c0000000, 0x00000007d5560000, 0x00000007eaab0000)
  object space 349568K, 31% used [0x00000007c0000000,0x00000007c6ccbfd0,0x00000007d5560000)
 PSPermGen       total 23552K, used 23530K [0x00000007bae00000, 0x00000007bc500000, 0x00000007c0000000)
  object space 23552K, 99% used [0x00000007bae00000,0x00000007bc4fab70,0x00000007bc500000)
}
Event: 104,006 GC heap before
{Heap before GC invocations=14 (full 0):
 PSYoungGen      total 308736K, used 283232K [0x00000007eaab0000, 0x0000000800000000, 0x0000000800000000)
  eden space 269376K, 100% used [0x00000007eaab0000,0x00000007fb1c0000,0x00000007fb1c0000)
  from space 39360K, 35% used [0x00000007fb1c0000,0x00000007fbf48020,0x00000007fd830000)
  to   space 39360K, 0% used [0x00000007fd990000,0x00000007fd990000,0x0000000800000000)
 ParOldGen       total 349568K, used 111407K [0x00000007c0000000, 0x00000007d5560000, 0x00000007eaab0000)
  object space 349568K, 31% used [0x00000007c0000000,0x00000007c6ccbfd0,0x00000007d5560000)
 PSPermGen       total 27200K, used 27175K [0x00000007bae00000, 0x00000007bc890000, 0x00000007c0000000)
  object space 27200K, 99% used [0x00000007bae00000,0x00000007bc889cd0,0x00000007bc890000)
Event: 104,042 GC heap after
Heap after GC invocations=14 (full 0):
 PSYoungGen      total 308736K, used 16420K [0x00000007eaab0000, 0x00000007ffea0000, 0x0000000800000000)
  eden space 270784K, 0% used [0x00000007eaab0000,0x00000007eaab0000,0x00000007fb320000)
  from space 37952K, 43% used [0x00000007fd990000,0x00000007fe999348,0x00000007ffea0000)
  to   space 38656K, 0% used [0x00000007fb320000,0x00000007fb320000,0x00000007fd8e0000)
 ParOldGen       total 349568K, used 123236K [0x00000007c0000000, 0x00000007d5560000, 0x00000007eaab0000)
  object space 349568K, 35% used [0x00000007c0000000,0x00000007c78590e0,0x00000007d5560000)
 PSPermGen       total 27200K, used 27175K [0x00000007bae00000, 0x00000007bc890000, 0x00000007c0000000)
  object space 27200K, 99% used [0x00000007bae00000,0x00000007bc889cd0,0x00000007bc890000)
}
Event: 104,650 GC heap before
{Heap before GC invocations=15 (full 0):
 PSYoungGen      total 308736K, used 38159K [0x00000007eaab0000, 0x00000007ffea0000, 0x0000000800000000)
  eden space 270784K, 8% used [0x00000007eaab0000,0x00000007ebfeaa00,0x00000007fb320000)
  from space 37952K, 43% used [0x00000007fd990000,0x00000007fe999348,0x00000007ffea0000)
  to   space 38656K, 0% used [0x00000007fb320000,0x00000007fb320000,0x00000007fd8e0000)
 ParOldGen       total 349568K, used 123236K [0x00000007c0000000, 0x00000007d5560000, 0x00000007eaab0000)
  object space 349568K, 35% used [0x00000007c0000000,0x00000007c78590e0,0x00000007d5560000)
 PSPermGen       total 27200K, used 27183K [0x00000007bae00000, 0x00000007bc890000, 0x00000007c0000000)
  object space 27200K, 99% used [0x00000007bae00000,0x00000007bc88bc88,0x00000007bc890000)
Event: 104,690 GC heap after
Heap after GC invocations=15 (full 0):
 PSYoungGen      total 271040K, used 224K [0x00000007eaab0000, 0x0000000800000000, 0x0000000800000000)
  eden space 270784K, 0% used [0x00000007eaab0000,0x00000007eaab0000,0x00000007fb320000)
  from space 256K, 87% used [0x00000007fb320000,0x00000007fb358000,0x00000007fb360000)
  to   space 40640K, 0% used [0x00000007fd850000,0x00000007fd850000,0x0000000800000000)
 ParOldGen       total 349568K, used 134261K [0x00000007c0000000, 0x00000007d5560000, 0x00000007eaab0000)
  object space 349568K, 38% used [0x00000007c0000000,0x00000007c831d570,0x00000007d5560000)
 PSPermGen       total 27200K, used 27183K [0x00000007bae00000, 0x00000007bc890000, 0x00000007c0000000)
  object space 27200K, 99% used [0x00000007bae00000,0x00000007bc88bc88,0x00000007bc890000)
}
Event: 104,690 GC heap before
{Heap before GC invocations=16 (full 1):
 PSYoungGen      total 271040K, used 224K [0x00000007eaab0000, 0x0000000800000000, 0x0000000800000000)
  eden space 270784K, 0% used [0x00000007eaab0000,0x00000007eaab0000,0x00000007fb320000)
  from space 256K, 87% used [0x00000007fb320000,0x00000007fb358000,0x00000007fb360000)
  to   space 40640K, 0% used [0x00000007fd850000,0x00000007fd850000,0x0000000800000000)
 ParOldGen       total 349568K, used 134261K [0x00000007c0000000, 0x00000007d5560000, 0x00000007eaab0000)
  object space 349568K, 38% used [0x00000007c0000000,0x00000007c831d570,0x00000007d5560000)
 PSPermGen       total 27200K, used 27183K [0x00000007bae00000, 0x00000007bc890000, 0x00000007c0000000)
  object space 27200K, 99% used [0x00000007bae00000,0x00000007bc88bc88,0x00000007bc890000)

